<?xml version="1.0" encoding="UTF-8"?>
<coverage generated="1643017821322" clover="3.2.0">
  <project timestamp="1643017821323" name="All files">
    <metrics statements="14" coveredstatements="14" conditionals="8" coveredconditionals="8" methods="5" coveredmethods="5" elements="27" coveredelements="27" complexity="0" loc="14" ncloc="14" packages="1" files="1" classes="1"/>
    <file name="password.js" path="C:\Users\punmi\OneDrive\BUU YEAR 3 SEMESTER 2\88624559 Software Testing\VisualStudioWorkspace\Unit Test\password.js">
      <metrics statements="14" coveredstatements="14" conditionals="8" coveredconditionals="8" methods="5" coveredmethods="5"/>
      <line num="1" count="1" type="stmt"/>
      <line num="2" count="8" type="cond" truecount="2" falsecount="0"/>
      <line num="4" count="1" type="stmt"/>
      <line num="10" count="8" type="stmt"/>
      <line num="12" count="1" type="stmt"/>
      <line num="13" count="8" type="stmt"/>
      <line num="15" count="1" type="stmt"/>
      <line num="16" count="5" type="stmt"/>
      <line num="17" count="5" type="stmt"/>
      <line num="18" count="42" type="cond" truecount="2" falsecount="0"/>
      <line num="20" count="2" type="stmt"/>
      <line num="22" count="1" type="stmt"/>
      <line num="23" count="6" type="cond" truecount="4" falsecount="0"/>
      <line num="25" count="1" type="stmt"/>
    </file>
  </project>
</coverage>
