{"C:\\Users\\punmi\\OneDrive\\BUU YEAR 3 SEMESTER 2\\88624559 Software Testing\\VisualStudioWorkspace\\Unit Test\\password.js": {"path":"C:\\Users\\punmi\\OneDrive\\BUU YEAR 3 SEMESTER 2\\88624559 Software Testing\\VisualStudioWorkspace\\Unit Test\\password.js","statementMap":{"0":{"start":{"line":1,"column":20},"end":{"line":3,"column":1}},"1":{"start":{"line":2,"column":2},"end":{"line":2,"column":54}},"2":{"start":{"line":4,"column":22},"end":{"line":11,"column":1}},"3":{"start":{"line":10,"column":2},"end":{"line":10,"column":34}},"4":{"start":{"line":12,"column":20},"end":{"line":14,"column":1}},"5":{"start":{"line":13,"column":2},"end":{"line":13,"column":31}},"6":{"start":{"line":15,"column":20},"end":{"line":21,"column":1}},"7":{"start":{"line":16,"column":17},"end":{"line":16,"column":49}},"8":{"start":{"line":17,"column":2},"end":{"line":19,"column":3}},"9":{"start":{"line":18,"column":4},"end":{"line":18,"column":54}},"10":{"start":{"line":18,"column":43},"end":{"line":18,"column":54}},"11":{"start":{"line":20,"column":2},"end":{"line":20,"column":14}},"12":{"start":{"line":22,"column":22},"end":{"line":24,"column":1}},"13":{"start":{"line":23,"column":2},"end":{"line":23,"column":107}},"14":{"start":{"line":25,"column":0},"end":{"line":31,"column":1}}},"fnMap":{"0":{"name":"(anonymous_0)","decl":{"start":{"line":1,"column":20},"end":{"line":1,"column":21}},"loc":{"start":{"line":1,"column":40},"end":{"line":3,"column":1}},"line":1},"1":{"name":"(anonymous_1)","decl":{"start":{"line":4,"column":22},"end":{"line":4,"column":23}},"loc":{"start":{"line":4,"column":42},"end":{"line":11,"column":1}},"line":4},"2":{"name":"(anonymous_2)","decl":{"start":{"line":12,"column":20},"end":{"line":12,"column":21}},"loc":{"start":{"line":12,"column":40},"end":{"line":14,"column":1}},"line":12},"3":{"name":"(anonymous_3)","decl":{"start":{"line":15,"column":20},"end":{"line":15,"column":21}},"loc":{"start":{"line":15,"column":40},"end":{"line":21,"column":1}},"line":15},"4":{"name":"(anonymous_4)","decl":{"start":{"line":22,"column":22},"end":{"line":22,"column":23}},"loc":{"start":{"line":22,"column":42},"end":{"line":24,"column":1}},"line":22}},"branchMap":{"0":{"loc":{"start":{"line":2,"column":9},"end":{"line":2,"column":54}},"type":"binary-expr","locations":[{"start":{"line":2,"column":9},"end":{"line":2,"column":29}},{"start":{"line":2,"column":33},"end":{"line":2,"column":54}}],"line":2},"1":{"loc":{"start":{"line":18,"column":4},"end":{"line":18,"column":54}},"type":"if","locations":[{"start":{"line":18,"column":4},"end":{"line":18,"column":54}},{"start":{},"end":{}}],"line":18},"2":{"loc":{"start":{"line":23,"column":9},"end":{"line":23,"column":107}},"type":"binary-expr","locations":[{"start":{"line":23,"column":9},"end":{"line":23,"column":32}},{"start":{"line":23,"column":36},"end":{"line":23,"column":57}},{"start":{"line":23,"column":61},"end":{"line":23,"column":82}},{"start":{"line":23,"column":86},"end":{"line":23,"column":107}}],"line":23}},"s":{"0":1,"1":8,"2":1,"3":8,"4":1,"5":8,"6":1,"7":5,"8":5,"9":42,"10":3,"11":2,"12":1,"13":6,"14":1},"f":{"0":8,"1":8,"2":8,"3":5,"4":6},"b":{"0":[8,6],"1":[3,39],"2":[6,5,4,2]},"_coverageSchema":"1a1c01bbd47fc00a2c39e90264f33305004495a9","hash":"b477722edc553a6d19f4298ae1f0422cc60c6bc0"}
}
